<?xml version="1.0" encoding="UTF-8"?>
<!-- Generated by org.testng.reporters.JUnitReportReporter -->
<testsuite skipped="0" hostname="ip-172-31-19-117" name="com.testannotations.TestAnnotations" tests="2" failures="0" timestamp="2020-06-06T17:36:31 UTC" time="0.011" errors="0">
  <testcase name="Test2" time="0.003" classname="com.testannotations.TestAnnotations"/>
  <testcase name="Test1" time="0.008" classname="com.testannotations.TestAnnotations"/>
</testsuite> <!-- com.testannotations.TestAnnotations -->
